<?xml version="1.0" encoding="UTF-8"?>
<!-- Generated by org.testng.reporters.JUnitXMLReporter -->
<testsuite hostname="DESKTOP-P8HG88I" name="APiAutomationTest" tests="9" failures="0" timestamp="17 Dec 2018 14:40:13 GMT" time="8.393" errors="0">
  <testcase name="postrequest" time="1.275" classname="com.testcases.PostTestcases"/>
  <testcase name="commentsrequest" time="0.686" classname="com.testcases.PostTestcases"/>
  <testcase name="usersrequest" time="0.696" classname="com.testcases.PostTestcases"/>
  <testcase name="getpostdata" time="1.015" classname="com.testcases.GetTestcases"/>
  <testcase name="getcommentsdata" time="1.629" classname="com.testcases.GetTestcases"/>
  <testcase name="getuserssdata" time="0.986" classname="com.testcases.GetTestcases"/>
  <testcase name="updateposts" time="0.662" classname="com.testcases.PutTestcases"/>
  <testcase name="updatecomment" time="0.669" classname="com.testcases.PutTestcases"/>
  <testcase name="updateusers" time="0.646" classname="com.testcases.PutTestcases"/>
</testsuite> <!-- APiAutomationTest -->
