<?xml version="1.0" encoding="UTF-8"?>
<!-- Generated by org.testng.reporters.JUnitXMLReporter -->
<testsuite hostname="DESKTOP-P8HG88I" name="Default test" tests="3" failures="0" timestamp="19 Dec 2018 07:19:50 GMT" time="2.851" errors="0">
  <testcase name="postrequest" time="1.487" classname="com.testcases.PostTestcases"/>
  <testcase name="commentsrequest" time="0.685" classname="com.testcases.PostTestcases"/>
  <testcase name="usersrequest" time="0.656" classname="com.testcases.PostTestcases"/>
</testsuite> <!-- Default test -->
