<?xml version="1.0" encoding="UTF-8"?>
<testng-results skipped="0" failed="0" total="3" passed="3">
  <reporter-output>
  </reporter-output>
  <suite name="Default suite" duration-ms="2851" started-at="2018-12-19T07:19:47Z" finished-at="2018-12-19T07:19:50Z">
    <groups>
    </groups>
    <test name="Default test" duration-ms="2851" started-at="2018-12-19T07:19:47Z" finished-at="2018-12-19T07:19:50Z">
      <class name="com.testcases.PostTestcases">
        <test-method status="PASS" signature="setup()[pri:0, instance:com.testcases.PostTestcases@3a82f6ef]" name="setup" is-config="true" duration-ms="5" started-at="2018-12-19T12:49:47Z" finished-at="2018-12-19T12:49:47Z">
          <reporter-output>
          </reporter-output>
        </test-method> <!-- setup -->
        <test-method status="PASS" signature="postrequest()[pri:0, instance:com.testcases.PostTestcases@3a82f6ef]" name="postrequest" duration-ms="1487" started-at="2018-12-19T12:49:47Z" finished-at="2018-12-19T12:49:49Z">
          <reporter-output>
          </reporter-output>
        </test-method> <!-- postrequest -->
        <test-method status="PASS" signature="setup()[pri:0, instance:com.testcases.PostTestcases@3a82f6ef]" name="setup" is-config="true" duration-ms="1" started-at="2018-12-19T12:49:49Z" finished-at="2018-12-19T12:49:49Z">
          <reporter-output>
          </reporter-output>
        </test-method> <!-- setup -->
        <test-method status="PASS" signature="commentsrequest()[pri:0, instance:com.testcases.PostTestcases@3a82f6ef]" name="commentsrequest" duration-ms="685" started-at="2018-12-19T12:49:49Z" finished-at="2018-12-19T12:49:50Z">
          <reporter-output>
          </reporter-output>
        </test-method> <!-- commentsrequest -->
        <test-method status="PASS" signature="usersrequest()[pri:0, instance:com.testcases.PostTestcases@3a82f6ef]" name="usersrequest" duration-ms="656" started-at="2018-12-19T12:49:50Z" finished-at="2018-12-19T12:49:50Z">
          <reporter-output>
          </reporter-output>
        </test-method> <!-- usersrequest -->
        <test-method status="PASS" signature="setup()[pri:0, instance:com.testcases.PostTestcases@3a82f6ef]" name="setup" is-config="true" duration-ms="0" started-at="2018-12-19T12:49:50Z" finished-at="2018-12-19T12:49:50Z">
          <reporter-output>
          </reporter-output>
        </test-method> <!-- setup -->
      </class> <!-- com.testcases.PostTestcases -->
    </test> <!-- Default test -->
  </suite> <!-- Default suite -->
</testng-results>
