<?xml version="1.0" encoding="UTF-8"?>
<!-- Generated by org.testng.reporters.JUnitXMLReporter -->
<testsuite hostname="DESKTOP-P8HG88I" name="APiAutomationTest" tests="9" failures="0" timestamp="19 Dec 2018 02:07:24 GMT" time="7.909" errors="0">
  <testcase name="postrequest" time="1.434" classname="com.testcases.PostTestcases"/>
  <testcase name="commentsrequest" time="0.787" classname="com.testcases.PostTestcases"/>
  <testcase name="usersrequest" time="0.641" classname="com.testcases.PostTestcases"/>
  <testcase name="getpostdata" time="0.977" classname="com.testcases.GetTestcases"/>
  <testcase name="getcommentsdata" time="1.052" classname="com.testcases.GetTestcases"/>
  <testcase name="getuserssdata" time="0.968" classname="com.testcases.GetTestcases"/>
  <testcase name="updateposts" time="0.702" classname="com.testcases.PutTestcases"/>
  <testcase name="updatecomment" time="0.625" classname="com.testcases.PutTestcases"/>
  <testcase name="updateusers" time="0.673" classname="com.testcases.PutTestcases"/>
</testsuite> <!-- APiAutomationTest -->
